[INFO] Scanning for projects...
[INFO] 
[INFO] ----------------------< com.ingilizce:calismaapp >----------------------
[INFO] Building calismaapp 0.0.1-SNAPSHOT
[INFO]   from pom.xml
[INFO] --------------------------------[ jar ]---------------------------------
[INFO] 
[INFO] --- jacoco:0.8.11:prepare-agent (default) @ calismaapp ---
[INFO] argLine set to -javaagent:C:\\Users\\pc\\.m2\\repository\\org\\jacoco\\org.jacoco.agent\\0.8.11\\org.jacoco.agent-0.8.11-runtime.jar=destfile=C:\\flutter-project-main\\backend\\target\\jacoco.exec
[INFO] 
[INFO] --- resources:3.3.1:resources (default-resources) @ calismaapp ---
[INFO] Copying 2 resources from src\main\resources to target\classes
[INFO] Copying 3 resources from src\main\resources to target\classes
[INFO] 
[INFO] --- compiler:3.11.0:compile (default-compile) @ calismaapp ---
[INFO] Nothing to compile - all classes are up to date
[INFO] 
[INFO] --- resources:3.3.1:testResources (default-testResources) @ calismaapp ---
[INFO] Copying 1 resource from src\test\resources to target\test-classes
[INFO] 
[INFO] --- compiler:3.11.0:testCompile (default-testCompile) @ calismaapp ---
[INFO] Nothing to compile - all classes are up to date
[INFO] 
[INFO] --- surefire:3.1.2:test (default-test) @ calismaapp ---
[INFO] Using auto detected provider org.apache.maven.surefire.junitplatform.JUnitPlatformProvider
[INFO] 
[INFO] -------------------------------------------------------
[INFO]  T E S T S
[INFO] -------------------------------------------------------
[INFO] Running com.ingilizce.calismaapp.service.UserIntegrationTest
00:51:50.734 [main] INFO org.springframework.test.context.support.AnnotationConfigContextLoaderUtils -- Could not detect default configuration classes for test class [com.ingilizce.calismaapp.service.UserIntegrationTest]: UserIntegrationTest does not declare any static, non-private, non-final, nested classes annotated with @Configuration.
00:51:50.906 [main] INFO org.springframework.boot.test.context.SpringBootTestContextBootstrapper -- Found @SpringBootConfiguration com.ingilizce.calismaapp.CalismaAppApplication for test class com.ingilizce.calismaapp.service.UserIntegrationTest

  .   ____          _            __ _ _
 /\\ / ___'_ __ _ _(_)_ __  __ _ \ \ \ \
( ( )\___ | '_ | '_| | '_ \/ _` | \ \ \ \
 \\/  ___)| |_)| | | | | || (_| |  ) ) ) )
  '  |____| .__|_| |_|_| |_\__, | / / / /
 =========|_|==============|___/=/_/_/_/
 :: Spring Boot ::                (v3.2.1)

2026-02-01T00:51:51.549+03:00  INFO 33824 --- [           main] c.i.c.service.UserIntegrationTest        : Starting UserIntegrationTest using Java 22.0.1 with PID 33824 (started by pc in C:\flutter-project-main\backend)
2026-02-01T00:51:51.550+03:00 DEBUG 33824 --- [           main] c.i.c.service.UserIntegrationTest        : Running with Spring Boot v3.2.1, Spring v6.1.2
2026-02-01T00:51:51.550+03:00  INFO 33824 --- [           main] c.i.c.service.UserIntegrationTest        : The following 1 profile is active: "test"
2026-02-01T00:51:51.598+03:00 DEBUG 33824 --- [           main] o.s.w.c.s.GenericWebApplicationContext   : Refreshing org.springframework.web.context.support.GenericWebApplicationContext@7b96de8d
2026-02-01T00:51:52.448+03:00  INFO 33824 --- [           main] .s.d.r.c.RepositoryConfigurationDelegate : Multiple Spring Data modules found, entering strict repository configuration mode
2026-02-01T00:51:52.449+03:00  INFO 33824 --- [           main] .s.d.r.c.RepositoryConfigurationDelegate : Bootstrapping Spring Data JPA repositories in DEFAULT mode.
2026-02-01T00:51:52.683+03:00  INFO 33824 --- [           main] .s.d.r.c.RepositoryConfigurationDelegate : Finished Spring Data repository scanning in 224 ms. Found 16 JPA repository interfaces.
2026-02-01T00:51:52.714+03:00  INFO 33824 --- [           main] .s.d.r.c.RepositoryConfigurationDelegate : Multiple Spring Data modules found, entering strict repository configuration mode
2026-02-01T00:51:52.717+03:00  INFO 33824 --- [           main] .s.d.r.c.RepositoryConfigurationDelegate : Bootstrapping Spring Data Redis repositories in DEFAULT mode.
2026-02-01T00:51:52.743+03:00  INFO 33824 --- [           main] .RepositoryConfigurationExtensionSupport : Spring Data Redis - Could not safely identify store assignment for repository candidate interface com.ingilizce.calismaapp.repository.CommentRepository; If you want this repository to be a Redis repository, consider annotating your entities with one of these annotations: org.springframework.data.redis.core.RedisHash (preferred), or consider extending one of the following types with your repository: org.springframework.data.keyvalue.repository.KeyValueRepository
2026-02-01T00:51:52.745+03:00  INFO 33824 --- [           main] .RepositoryConfigurationExtensionSupport : Spring Data Redis - Could not safely identify store assignment for repository candidate interface com.ingilizce.calismaapp.repository.FriendshipRepository; If you want this repository to be a Redis repository, consider annotating your entities with one of these annotations: org.springframework.data.redis.core.RedisHash (preferred), or consider extending one of the following types with your repository: org.springframework.data.keyvalue.repository.KeyValueRepository
2026-02-01T00:51:52.745+03:00  INFO 33824 --- [           main] .RepositoryConfigurationExtensionSupport : Spring Data Redis - Could not safely identify store assignment for repository candidate interface com.ingilizce.calismaapp.repository.MessageRepository; If you want this repository to be a Redis repository, consider annotating your entities with one of these annotations: org.springframework.data.redis.core.RedisHash (preferred), or consider extending one of the following types with your repository: org.springframework.data.keyvalue.repository.KeyValueRepository
2026-02-01T00:51:52.746+03:00  INFO 33824 --- [           main] .RepositoryConfigurationExtensionSupport : Spring Data Redis - Could not safely identify store assignment for repository candidate interface com.ingilizce.calismaapp.repository.NotificationRepository; If you want this repository to be a Redis repository, consider annotating your entities with one of these annotations: org.springframework.data.redis.core.RedisHash (preferred), or consider extending one of the following types with your repository: org.springframework.data.keyvalue.repository.KeyValueRepository
2026-02-01T00:51:52.746+03:00  INFO 33824 --- [           main] .RepositoryConfigurationExtensionSupport : Spring Data Redis - Could not safely identify store assignment for repository candidate interface com.ingilizce.calismaapp.repository.PaymentTransactionRepository; If you want this repository to be a Redis repository, consider annotating your entities with one of these annotations: org.springframework.data.redis.core.RedisHash (preferred), or consider extending one of the following types with your repository: org.springframework.data.keyvalue.repository.KeyValueRepository
2026-02-01T00:51:52.746+03:00  INFO 33824 --- [           main] .RepositoryConfigurationExtensionSupport : Spring Data Redis - Could not safely identify store assignment for repository candidate interface com.ingilizce.calismaapp.repository.PostLikeRepository; If you want this repository to be a Redis repository, consider annotating your entities with one of these annotations: org.springframework.data.redis.core.RedisHash (preferred), or consider extending one of the following types with your repository: org.springframework.data.keyvalue.repository.KeyValueRepository
2026-02-01T00:51:52.746+03:00  INFO 33824 --- [           main] .RepositoryConfigurationExtensionSupport : Spring Data Redis - Could not safely identify store assignment for repository candidate interface com.ingilizce.calismaapp.repository.PostRepository; If you want this repository to be a Redis repository, consider annotating your entities with one of these annotations: org.springframework.data.redis.core.RedisHash (preferred), or consider extending one of the following types with your repository: org.springframework.data.keyvalue.repository.KeyValueRepository
2026-02-01T00:51:52.749+03:00  INFO 33824 --- [           main] .RepositoryConfigurationExtensionSupport : Spring Data Redis - Could not safely identify store assignment for repository candidate interface com.ingilizce.calismaapp.repository.SentencePracticeRepository; If you want this repository to be a Redis repository, consider annotating your entities with one of these annotations: org.springframework.data.redis.core.RedisHash (preferred), or consider extending one of the following types with your repository: org.springframework.data.keyvalue.repository.KeyValueRepository
2026-02-01T00:51:52.749+03:00  INFO 33824 --- [           main] .RepositoryConfigurationExtensionSupport : Spring Data Redis - Could not safely identify store assignment for repository candidate interface com.ingilizce.calismaapp.repository.SentenceRepository; If you want this repository to be a Redis repository, consider annotating your entities with one of these annotations: org.springframework.data.redis.core.RedisHash (preferred), or consider extending one of the following types with your repository: org.springframework.data.keyvalue.repository.KeyValueRepository
2026-02-01T00:51:52.750+03:00  INFO 33824 --- [           main] .RepositoryConfigurationExtensionSupport : Spring Data Redis - Could not safely identify store assignment for repository candidate interface com.ingilizce.calismaapp.repository.SubscriptionPlanRepository; If you want this repository to be a Redis repository, consider annotating your entities with one of these annotations: org.springframework.data.redis.core.RedisHash (preferred), or consider extending one of the following types with your repository: org.springframework.data.keyvalue.repository.KeyValueRepository
2026-02-01T00:51:52.750+03:00  INFO 33824 --- [           main] .RepositoryConfigurationExtensionSupport : Spring Data Redis - Could not safely identify store assignment for repository candidate interface com.ingilizce.calismaapp.repository.UserAchievementRepository; If you want this repository to be a Redis repository, consider annotating your entities with one of these annotations: org.springframework.data.redis.core.RedisHash (preferred), or consider extending one of the following types with your repository: org.springframework.data.keyvalue.repository.KeyValueRepository
2026-02-01T00:51:52.750+03:00  INFO 33824 --- [           main] .RepositoryConfigurationExtensionSupport : Spring Data Redis - Could not safely identify store assignment for repository candidate interface com.ingilizce.calismaapp.repository.UserActivityRepository; If you want this repository to be a Redis repository, consider annotating your entities with one of these annotations: org.springframework.data.redis.core.RedisHash (preferred), or consider extending one of the following types with your repository: org.springframework.data.keyvalue.repository.KeyValueRepository
2026-02-01T00:51:52.750+03:00  INFO 33824 --- [           main] .RepositoryConfigurationExtensionSupport : Spring Data Redis - Could not safely identify store assignment for repository candidate interface com.ingilizce.calismaapp.repository.UserProgressRepository; If you want this repository to be a Redis repository, consider annotating your entities with one of these annotations: org.springframework.data.redis.core.RedisHash (preferred), or consider extending one of the following types with your repository: org.springframework.data.keyvalue.repository.KeyValueRepository
2026-02-01T00:51:52.752+03:00  INFO 33824 --- [           main] .RepositoryConfigurationExtensionSupport : Spring Data Redis - Could not safely identify store assignment for repository candidate interface com.ingilizce.calismaapp.repository.UserRepository; If you want this repository to be a Redis repository, consider annotating your entities with one of these annotations: org.springframework.data.redis.core.RedisHash (preferred), or consider extending one of the following types with your repository: org.springframework.data.keyvalue.repository.KeyValueRepository
2026-02-01T00:51:52.752+03:00  INFO 33824 --- [           main] .RepositoryConfigurationExtensionSupport : Spring Data Redis - Could not safely identify store assignment for repository candidate interface com.ingilizce.calismaapp.repository.WordRepository; If you want this repository to be a Redis repository, consider annotating your entities with one of these annotations: org.springframework.data.redis.core.RedisHash (preferred), or consider extending one of the following types with your repository: org.springframework.data.keyvalue.repository.KeyValueRepository
2026-02-01T00:51:52.753+03:00  INFO 33824 --- [           main] .RepositoryConfigurationExtensionSupport : Spring Data Redis - Could not safely identify store assignment for repository candidate interface com.ingilizce.calismaapp.repository.WordReviewRepository; If you want this repository to be a Redis repository, consider annotating your entities with one of these annotations: org.springframework.data.redis.core.RedisHash (preferred), or consider extending one of the following types with your repository: org.springframework.data.keyvalue.repository.KeyValueRepository
2026-02-01T00:51:52.753+03:00  INFO 33824 --- [           main] .s.d.r.c.RepositoryConfigurationDelegate : Finished Spring Data repository scanning in 19 ms. Found 0 Redis repository interfaces.
2026-02-01T00:51:53.367+03:00  INFO 33824 --- [           main] o.hibernate.jpa.internal.util.LogHelper  : HHH000204: Processing PersistenceUnitInfo [name: default]
2026-02-01T00:51:53.443+03:00  INFO 33824 --- [           main] org.hibernate.Version                    : HHH000412: Hibernate ORM core version 6.4.1.Final
2026-02-01T00:51:53.482+03:00  INFO 33824 --- [           main] o.h.c.internal.RegionFactoryInitiator    : HHH000026: Second-level cache disabled
2026-02-01T00:51:53.799+03:00  INFO 33824 --- [           main] o.s.o.j.p.SpringPersistenceUnitInfo      : No LoadTimeWeaver setup: ignoring JPA class transformer
2026-02-01T00:51:53.843+03:00  INFO 33824 --- [           main] com.zaxxer.hikari.HikariDataSource       : HikariPool-1 - Starting...
2026-02-01T00:51:54.179+03:00  INFO 33824 --- [           main] com.zaxxer.hikari.pool.HikariPool        : HikariPool-1 - Added connection conn0: url=jdbc:h2:mem:testdb user=SA
2026-02-01T00:51:54.182+03:00  INFO 33824 --- [           main] com.zaxxer.hikari.HikariDataSource       : HikariPool-1 - Start completed.
2026-02-01T00:51:54.212+03:00  WARN 33824 --- [           main] org.hibernate.dialect.Dialect            : HHH000511: The 2.2.0 version for [org.hibernate.dialect.PostgreSQLDialect] is no longer supported, hence certain features may not work properly. The minimum supported version is 12.0.0. Check the community dialects project for available legacy versions.
2026-02-01T00:51:54.220+03:00  WARN 33824 --- [           main] org.hibernate.orm.deprecation            : HHH90000025: PostgreSQLDialect does not need to be specified explicitly using 'hibernate.dialect' (remove the property setting and it will be selected by default)
2026-02-01T00:51:55.647+03:00  INFO 33824 --- [           main] o.h.e.t.j.p.i.JtaPlatformInitiator       : HHH000489: No JTA platform available (set 'hibernate.transaction.jta.platform' to enable JTA platform integration)
Hibernate: 
    create table comments (
        id bigserial not null,
        content TEXT not null,
        created_at timestamp(6),
        post_id bigint not null,
        user_id bigint not null,
        primary key (id)
    )
Hibernate: 
    create table friendships (
        id bigserial not null,
        created_at timestamp(6),
        status varchar(255) not null check (status in ('PENDING','ACCEPTED','REJECTED')),
        addressee_id bigint not null,
        requester_id bigint not null,
        primary key (id)
    )
Hibernate: 
    create table messages (
        id bigserial not null,
        content TEXT not null,
        created_at timestamp(6),
        is_read boolean,
        receiver_id bigint not null,
        sender_id bigint not null,
        primary key (id)
    )
Hibernate: 
    create table notifications (
        id bigserial not null,
        context_id bigint,
        created_at timestamp(6),
        is_read boolean,
        message varchar(255) not null,
        type varchar(255) not null check (type in ('FRIEND_REQUEST','FRIEND_ACCEPTED','LIKE','COMMENT','MESSAGE')),
        user_id bigint not null,
        primary key (id)
    )
Hibernate: 
    create table payment_transactions (
        id bigserial not null,
        amount numeric(38,2) not null,
        created_at timestamp(6),
        payment_provider varchar(255),
        status varchar(255) check (status in ('PENDING','SUCCESS','FAILED','REFUNDED')),
        transaction_id varchar(255),
        plan_id bigint not null,
        user_id bigint not null,
        primary key (id)
    )
Hibernate: 
    create table post_likes (
        id bigserial not null,
        created_at timestamp(6),
        post_id bigint not null,
        user_id bigint not null,
        primary key (id)
    )
Hibernate: 
    create table posts (
        id bigserial not null,
        comment_count integer,
        content TEXT not null,
        created_at timestamp(6),
        like_count integer,
        media_url varchar(255),
        user_id bigint not null,
        primary key (id)
    )
Hibernate: 
    create table sentence_practices (
        id bigserial not null,
        created_date date,
        difficulty varchar(255) not null check (difficulty in ('EASY','MEDIUM','HARD')),
        english_sentence TEXT not null,
        turkish_translation TEXT,
        user_id bigint not null,
        primary key (id)
    )
Hibernate: 
    create table sentences (
        id bigserial not null,
        difficulty varchar(255),
        sentence varchar(255) not null,
        translation varchar(255),
        word_id bigint not null,
        primary key (id)
    )
Hibernate: 
    create table subscription_plans (
        id bigserial not null,
        currency varchar(255) not null,
        duration_days integer not null,
        features TEXT,
        name varchar(255) not null,
        price numeric(38,2) not null,
        primary key (id)
    )
Hibernate: 
    create table user_achievements (
        id bigserial not null,
        achievement_code varchar(255) not null,
        unlocked_at timestamp(6),
        user_id bigint,
        primary key (id)
    )
Hibernate: 
    create table user_activities (
        id bigserial not null,
        created_at timestamp(6),
        description varchar(255) not null,
        type varchar(255) not null check (type in ('WORD_ADDED','EXAM_COMPLETED','ACHIEVEMENT_UNLOCKED')),
        user_id bigint not null,
        primary key (id)
    )
Hibernate: 
    create table user_progress (
        id bigserial not null,
        created_at timestamp(6),
        current_streak integer,
        last_activity_date date,
        level integer,
        longest_streak integer,
        total_xp integer,
        updated_at timestamp(6),
        user_id bigint,
        primary key (id)
    )
Hibernate: 
    create table users (
        id bigserial not null,
        created_at timestamp(6) not null,
        display_name varchar(255) not null,
        email varchar(255) not null,
        last_seen_at timestamp(6),
        password_hash varchar(255) not null,
        role varchar(255) not null check (role in ('USER','ADMIN')),
        subscription_end_date timestamp(6),
        user_tag varchar(255) not null,
        primary key (id)
    )
Hibernate: 
    create table word_reviews (
        id bigserial not null,
        notes varchar(255),
        review_date date not null,
        review_type varchar(255),
        word_id bigint not null,
        primary key (id)
    )
Hibernate: 
    create table words (
        id bigserial not null,
        difficulty varchar(255),
        ease_factor float(53),
        english_word varchar(255) not null,
        last_review_date date,
        learned_date date not null,
        next_review_date date,
        notes varchar(255),
        review_count integer,
        turkish_meaning varchar(255),
        user_id bigint not null,
        primary key (id)
    )
Hibernate: 
    alter table if exists friendships 
       drop constraint if exists UK6whjqep1tn7y88ds8ja3xtaey
Hibernate: 
    alter table if exists friendships 
       add constraint UK6whjqep1tn7y88ds8ja3xtaey unique (requester_id, addressee_id)
Hibernate: 
    alter table if exists payment_transactions 
       drop constraint if exists UK_lsp8jh693lih2txq7dl4bdnpx
Hibernate: 
    alter table if exists payment_transactions 
       add constraint UK_lsp8jh693lih2txq7dl4bdnpx unique (transaction_id)
Hibernate: 
    alter table if exists post_likes 
       drop constraint if exists UK5l2rj28vw5oj6f7ox746grokg
Hibernate: 
    alter table if exists post_likes 
       add constraint UK5l2rj28vw5oj6f7ox746grokg unique (user_id, post_id)
Hibernate: 
    create index idx_sp_user_id 
       on sentence_practices (user_id)
Hibernate: 
    create index idx_sp_created_date 
       on sentence_practices (created_date)
Hibernate: 
    create index idx_sentence_content 
       on sentences (sentence)
Hibernate: 
    alter table if exists subscription_plans 
       drop constraint if exists UK_oim1kg8luw8o6q3ayhcup6vtl
Hibernate: 
    alter table if exists subscription_plans 
       add constraint UK_oim1kg8luw8o6q3ayhcup6vtl unique (name)
Hibernate: 
    create index idx_activity_user 
       on user_activities (user_id)
Hibernate: 
    create index idx_activity_date 
       on user_activities (created_at)
Hibernate: 
    create index idx_user_progress_user_id 
       on user_progress (user_id)
Hibernate: 
    alter table if exists users 
       drop constraint if exists UK_6dotkott2kjsp8vw4d0m25fb7
Hibernate: 
    alter table if exists users 
       add constraint UK_6dotkott2kjsp8vw4d0m25fb7 unique (email)
Hibernate: 
    create index idx_word_user 
       on words (user_id)
Hibernate: 
    create index idx_word_english 
       on words (english_word)
Hibernate: 
    create index idx_word_user_srs 
       on words (user_id, next_review_date)
Hibernate: 
    alter table if exists words 
       drop constraint if exists UKionewubbdkeni28p5vhdk15wo
Hibernate: 
    alter table if exists words 
       add constraint UKionewubbdkeni28p5vhdk15wo unique (user_id, english_word)
Hibernate: 
    alter table if exists comments 
       add constraint FKh4c7lvsc298whoyd4w9ta25cr 
       foreign key (post_id) 
       references posts
Hibernate: 
    alter table if exists comments 
       add constraint FK8omq0tc18jd43bu5tjh6jvraq 
       foreign key (user_id) 
       references users
Hibernate: 
    alter table if exists friendships 
       add constraint FKeq5r8dvxs43wkt7or9pdno9av 
       foreign key (addressee_id) 
       references users
Hibernate: 
    alter table if exists friendships 
       add constraint FKas6bp8so5n3pfcqtfxt72e1ii 
       foreign key (requester_id) 
       references users
Hibernate: 
    alter table if exists messages 
       add constraint FKt05r0b6n0iis8u7dfna4xdh73 
       foreign key (receiver_id) 
       references users
Hibernate: 
    alter table if exists messages 
       add constraint FK4ui4nnwntodh6wjvck53dbk9m 
       foreign key (sender_id) 
       references users
Hibernate: 
    alter table if exists notifications 
       add constraint FK9y21adhxn0ayjhfocscqox7bh 
       foreign key (user_id) 
       references users
Hibernate: 
    alter table if exists payment_transactions 
       add constraint FKmpv7250chn76s93whmbe8mmkd 
       foreign key (plan_id) 
       references subscription_plans
Hibernate: 
    alter table if exists payment_transactions 
       add constraint FKo4904wf3pxl3mbx5ntf52h70w 
       foreign key (user_id) 
       references users
Hibernate: 
    alter table if exists post_likes 
       add constraint FKa5wxsgl4doibhbed9gm7ikie2 
       foreign key (post_id) 
       references posts
Hibernate: 
    alter table if exists post_likes 
       add constraint FKkgau5n0nlewg6o9lr4yibqgxj 
       foreign key (user_id) 
       references users
Hibernate: 
    alter table if exists posts 
       add constraint FK5lidm6cqbc7u4xhqpxm898qme 
       foreign key (user_id) 
       references users
Hibernate: 
    alter table if exists sentences 
       add constraint FKae8963cfwc4klkjew83n6jty5 
       foreign key (word_id) 
       references words
Hibernate: 
    alter table if exists word_reviews 
       add constraint FKsygbw028nc7cftmkrb2bxpjuc 
       foreign key (word_id) 
       references words
2026-02-01T00:51:55.770+03:00  INFO 33824 --- [           main] j.LocalContainerEntityManagerFactoryBean : Initialized JPA EntityManagerFactory for persistence unit 'default'
2026-02-01T00:51:56.170+03:00  INFO 33824 --- [           main] c.i.calismaapp.service.GroqService       : GroqService initialized with SSL-bypassing RestTemplate
2026-02-01T00:51:56.215+03:00  INFO 33824 --- [           main] o.s.d.j.r.query.QueryEnhancerFactory     : Hibernate is in classpath; If applicable, HQL parser will be used.
2026-02-01T00:51:57.251+03:00  INFO 33824 --- [           main] c.i.c.service.GrammarCheckService        : ============================================
2026-02-01T00:51:57.253+03:00  INFO 33824 --- [           main] c.i.c.service.GrammarCheckService        : ? GrammarCheckService Initialized
2026-02-01T00:51:57.253+03:00  INFO 33824 --- [           main] c.i.c.service.GrammarCheckService        : ? GroqService status: CONNECTED
2026-02-01T00:51:57.253+03:00  INFO 33824 --- [           main] c.i.c.service.GrammarCheckService        : ============================================
2026-02-01T00:51:57.316+03:00  INFO 33824 --- [           main] c.c.socketio.SocketIOServer              : Session store / pubsub factory used: MemoryStoreFactory (local session store only)
Socket.IO server started on port 9092
2026-02-01T00:51:57.522+03:00  INFO 33824 --- [ntLoopGroup-4-1] c.c.socketio.SocketIOServer              : SocketIO server started at port: 9092
2026-02-01T00:51:57.836+03:00  WARN 33824 --- [           main] JpaBaseConfiguration$JpaWebConfiguration : spring.jpa.open-in-view is enabled by default. Therefore, database queries may be performed during view rendering. Explicitly configure spring.jpa.open-in-view to disable this warning
2026-02-01T00:51:57.976+03:00 DEBUG 33824 --- [           main] s.w.s.m.m.a.RequestMappingHandlerMapping : 89 mappings in 'requestMappingHandlerMapping'
2026-02-01T00:51:58.080+03:00 DEBUG 33824 --- [           main] o.s.w.s.handler.SimpleUrlHandlerMapping  : Patterns [/webjars/**, /**] in 'resourceHandlerMapping'
2026-02-01T00:51:58.113+03:00 DEBUG 33824 --- [           main] s.w.s.m.m.a.RequestMappingHandlerAdapter : ControllerAdvice beans: 0 @ModelAttribute, 0 @InitBinder, 1 RequestBodyAdvice, 1 ResponseBodyAdvice
2026-02-01T00:51:58.166+03:00 DEBUG 33824 --- [           main] .m.m.a.ExceptionHandlerExceptionResolver : ControllerAdvice beans: 0 @ExceptionHandler, 1 ResponseBodyAdvice
2026-02-01T00:51:58.344+03:00  INFO 33824 --- [           main] c.i.c.service.UserIntegrationTest        : Started UserIntegrationTest in 7.218 seconds (process running for 8.688)
Hibernate: 
    select
        count(*) 
    from
        subscription_plans sp1_0
Hibernate: 
    insert 
    into
        subscription_plans
        (currency, duration_days, features, name, price) 
    values
        (?, ?, ?, ?, ?)
Hibernate: 
    insert 
    into
        subscription_plans
        (currency, duration_days, features, name, price) 
    values
        (?, ?, ?, ?, ?)
Hibernate: 
    insert 
    into
        subscription_plans
        (currency, duration_days, features, name, price) 
    values
        (?, ?, ?, ?, ?)
Default subscription plans seeded.
WARNING: A Java agent has been loaded dynamically (C:\Users\pc\.m2\repository\net\bytebuddy\byte-buddy-agent\1.14.10\byte-buddy-agent-1.14.10.jar)
WARNING: If a serviceability tool is in use, please run with -XX:+EnableDynamicAgentLoading to hide this warning
WARNING: If a serviceability tool is not in use, please run with -Djdk.instrument.traceUsage for more information
WARNING: Dynamic loading of agents will be disallowed by default in a future release
Java HotSpot(TM) 64-Bit Server VM warning: Sharing is only supported for boot loader classes because bootstrap classpath has been appended
Hibernate: 
    insert 
    into
        users
        (created_at, display_name, email, last_seen_at, password_hash, role, subscription_end_date, user_tag) 
    values
        (?, ?, ?, ?, ?, ?, ?, ?)
Hibernate: 
    insert 
    into
        users
        (created_at, display_name, email, last_seen_at, password_hash, role, subscription_end_date, user_tag) 
    values
        (?, ?, ?, ?, ?, ?, ?, ?)
2026-02-01T00:51:59.028+03:00  WARN 33824 --- [           main] o.h.engine.jdbc.spi.SqlExceptionHelper   : SQL Error: 23502, SQLState: 23502
2026-02-01T00:51:59.028+03:00 ERROR 33824 --- [           main] o.h.engine.jdbc.spi.SqlExceptionHelper   : NULL not allowed for column "DISPLAY_NAME"; SQL statement:
insert into users (created_at,display_name,email,last_seen_at,password_hash,role,subscription_end_date,user_tag) values (?,?,?,?,?,?,?,?) [23502-224]
[ERROR] Tests run: 2, Failures: 0, Errors: 1, Skipped: 0, Time elapsed: 8.571 s <<< FAILURE! -- in com.ingilizce.calismaapp.service.UserIntegrationTest
[ERROR] com.ingilizce.calismaapp.service.UserIntegrationTest.shouldUpdateLastSeenInDatabase -- Time elapsed: 0.020 s <<< ERROR!
org.springframework.dao.DataIntegrityViolationException: 
could not execute statement [NULL not allowed for column "DISPLAY_NAME"; SQL statement:
insert into users (created_at,display_name,email,last_seen_at,password_hash,role,subscription_end_date,user_tag) values (?,?,?,?,?,?,?,?) [23502-224]] [insert into users (created_at,display_name,email,last_seen_at,password_hash,role,subscription_end_date,user_tag) values (?,?,?,?,?,?,?,?)]; SQL [insert into users (created_at,display_name,email,last_seen_at,password_hash,role,subscription_end_date,user_tag) values (?,?,?,?,?,?,?,?)]; constraint [null]
	at org.springframework.orm.jpa.vendor.HibernateJpaDialect.convertHibernateAccessException(HibernateJpaDialect.java:290)
	at org.springframework.orm.jpa.vendor.HibernateJpaDialect.translateExceptionIfPossible(HibernateJpaDialect.java:241)
	at org.springframework.orm.jpa.AbstractEntityManagerFactoryBean.translateExceptionIfPossible(AbstractEntityManagerFactoryBean.java:550)
	at org.springframework.dao.support.ChainedPersistenceExceptionTranslator.translateExceptionIfPossible(ChainedPersistenceExceptionTranslator.java:61)
	at org.springframework.dao.support.DataAccessUtils.translateIfNecessary(DataAccessUtils.java:335)
	at org.springframework.dao.support.PersistenceExceptionTranslationInterceptor.invoke(PersistenceExceptionTranslationInterceptor.java:152)
	at org.springframework.aop.framework.ReflectiveMethodInvocation.proceed(ReflectiveMethodInvocation.java:184)
	at org.springframework.data.jpa.repository.support.CrudMethodMetadataPostProcessor$CrudMethodMetadataPopulatingMethodInterceptor.invoke(CrudMethodMetadataPostProcessor.java:164)
	at org.springframework.aop.framework.ReflectiveMethodInvocation.proceed(ReflectiveMethodInvocation.java:184)
	at org.springframework.aop.interceptor.ExposeInvocationInterceptor.invoke(ExposeInvocationInterceptor.java:97)
	at org.springframework.aop.framework.ReflectiveMethodInvocation.proceed(ReflectiveMethodInvocation.java:184)
	at org.springframework.aop.framework.JdkDynamicAopProxy.invoke(JdkDynamicAopProxy.java:249)
	at jdk.proxy2/jdk.proxy2.$Proxy138.save(Unknown Source)
	at com.ingilizce.calismaapp.service.UserIntegrationTest.shouldUpdateLastSeenInDatabase(UserIntegrationTest.java:48)
	at java.base/java.lang.reflect.Method.invoke(Method.java:580)
	at java.base/java.util.ArrayList.forEach(ArrayList.java:1597)
	at java.base/java.util.ArrayList.forEach(ArrayList.java:1597)
Caused by: org.hibernate.exception.ConstraintViolationException: could not execute statement [NULL not allowed for column "DISPLAY_NAME"; SQL statement:
insert into users (created_at,display_name,email,last_seen_at,password_hash,role,subscription_end_date,user_tag) values (?,?,?,?,?,?,?,?) [23502-224]] [insert into users (created_at,display_name,email,last_seen_at,password_hash,role,subscription_end_date,user_tag) values (?,?,?,?,?,?,?,?)]
	at org.hibernate.exception.internal.SQLExceptionTypeDelegate.convert(SQLExceptionTypeDelegate.java:62)
	at org.hibernate.exception.internal.StandardSQLExceptionConverter.convert(StandardSQLExceptionConverter.java:58)
	at org.hibernate.engine.jdbc.spi.SqlExceptionHelper.convert(SqlExceptionHelper.java:108)
	at org.hibernate.engine.jdbc.internal.ResultSetReturnImpl.executeUpdate(ResultSetReturnImpl.java:197)
	at org.hibernate.id.insert.GetGeneratedKeysDelegate.performInsert(GetGeneratedKeysDelegate.java:107)
	at org.hibernate.engine.jdbc.mutation.internal.MutationExecutorPostInsertSingleTable.execute(MutationExecutorPostInsertSingleTable.java:100)
	at org.hibernate.persister.entity.mutation.InsertCoordinator.doStaticInserts(InsertCoordinator.java:175)
	at org.hibernate.persister.entity.mutation.InsertCoordinator.coordinateInsert(InsertCoordinator.java:113)
	at org.hibernate.persister.entity.AbstractEntityPersister.insert(AbstractEntityPersister.java:2868)
	at org.hibernate.action.internal.EntityIdentityInsertAction.execute(EntityIdentityInsertAction.java:81)
	at org.hibernate.engine.spi.ActionQueue.execute(ActionQueue.java:670)
	at org.hibernate.engine.spi.ActionQueue.addResolvedEntityInsertAction(ActionQueue.java:291)
	at org.hibernate.engine.spi.ActionQueue.addInsertAction(ActionQueue.java:272)
	at org.hibernate.engine.spi.ActionQueue.addAction(ActionQueue.java:322)
	at org.hibernate.event.internal.AbstractSaveEventListener.addInsertAction(AbstractSaveEventListener.java:386)
	at org.hibernate.event.internal.AbstractSaveEventListener.performSaveOrReplicate(AbstractSaveEventListener.java:300)
	at org.hibernate.event.internal.AbstractSaveEventListener.performSave(AbstractSaveEventListener.java:219)
	at org.hibernate.event.internal.AbstractSaveEventListener.saveWithGeneratedId(AbstractSaveEventListener.java:134)
	at org.hibernate.event.internal.DefaultPersistEventListener.entityIsTransient(DefaultPersistEventListener.java:175)
	at org.hibernate.event.internal.DefaultPersistEventListener.persist(DefaultPersistEventListener.java:93)
	at org.hibernate.event.internal.DefaultPersistEventListener.onPersist(DefaultPersistEventListener.java:77)
	at org.hibernate.event.internal.DefaultPersistEventListener.onPersist(DefaultPersistEventListener.java:54)
	at org.hibernate.event.service.internal.EventListenerGroupImpl.fireEventOnEachListener(EventListenerGroupImpl.java:127)
	at org.hibernate.internal.SessionImpl.firePersist(SessionImpl.java:774)
	at org.hibernate.internal.SessionImpl.persist(SessionImpl.java:758)
	at java.base/jdk.internal.reflect.DirectMethodHandleAccessor.invoke(DirectMethodHandleAccessor.java:103)
	at java.base/java.lang.reflect.Method.invoke(Method.java:580)
	at org.springframework.orm.jpa.SharedEntityManagerCreator$SharedEntityManagerInvocationHandler.invoke(SharedEntityManagerCreator.java:319)
	at jdk.proxy2/jdk.proxy2.$Proxy135.persist(Unknown Source)
	at org.springframework.data.jpa.repository.support.SimpleJpaRepository.save(SimpleJpaRepository.java:618)
	at java.base/jdk.internal.reflect.DirectMethodHandleAccessor.invoke(DirectMethodHandleAccessor.java:103)
	at java.base/java.lang.reflect.Method.invoke(Method.java:580)
	at org.springframework.aop.support.AopUtils.invokeJoinpointUsingReflection(AopUtils.java:352)
	at org.springframework.data.repository.core.support.RepositoryMethodInvoker$RepositoryFragmentMethodInvoker.lambda$new$0(RepositoryMethodInvoker.java:277)
	at org.springframework.data.repository.core.support.RepositoryMethodInvoker.doInvoke(RepositoryMethodInvoker.java:170)
	at org.springframework.data.repository.core.support.RepositoryMethodInvoker.invoke(RepositoryMethodInvoker.java:158)
	at org.springframework.data.repository.core.support.RepositoryComposition$RepositoryFragments.invoke(RepositoryComposition.java:516)
	at org.springframework.data.repository.core.support.RepositoryComposition.invoke(RepositoryComposition.java:285)
	at org.springframework.data.repository.core.support.RepositoryFactorySupport$ImplementationMethodExecutionInterceptor.invoke(RepositoryFactorySupport.java:628)
	at org.springframework.aop.framework.ReflectiveMethodInvocation.proceed(ReflectiveMethodInvocation.java:184)
	at org.springframework.data.repository.core.support.QueryExecutorMethodInterceptor.doInvoke(QueryExecutorMethodInterceptor.java:168)
	at org.springframework.data.repository.core.support.QueryExecutorMethodInterceptor.invoke(QueryExecutorMethodInterceptor.java:143)
	at org.springframework.aop.framework.ReflectiveMethodInvocation.proceed(ReflectiveMethodInvocation.java:184)
	at org.springframework.data.projection.DefaultMethodInvokingMethodInterceptor.invoke(DefaultMethodInvokingMethodInterceptor.java:70)
	at org.springframework.aop.framework.ReflectiveMethodInvocation.proceed(ReflectiveMethodInvocation.java:184)
	at org.springframework.transaction.interceptor.TransactionInterceptor$1.proceedWithInvocation(TransactionInterceptor.java:123)
	at org.springframework.transaction.interceptor.TransactionAspectSupport.invokeWithinTransaction(TransactionAspectSupport.java:385)
	at org.springframework.transaction.interceptor.TransactionInterceptor.invoke(TransactionInterceptor.java:119)
	at org.springframework.aop.framework.ReflectiveMethodInvocation.proceed(ReflectiveMethodInvocation.java:184)
	at org.springframework.dao.support.PersistenceExceptionTranslationInterceptor.invoke(PersistenceExceptionTranslationInterceptor.java:137)
	... 11 more
Caused by: org.h2.jdbc.JdbcSQLIntegrityConstraintViolationException: NULL not allowed for column "DISPLAY_NAME"; SQL statement:
insert into users (created_at,display_name,email,last_seen_at,password_hash,role,subscription_end_date,user_tag) values (?,?,?,?,?,?,?,?) [23502-224]
	at org.h2.message.DbException.getJdbcSQLException(DbException.java:520)
	at org.h2.message.DbException.getJdbcSQLException(DbException.java:489)
	at org.h2.message.DbException.get(DbException.java:223)
	at org.h2.message.DbException.get(DbException.java:199)
	at org.h2.table.Column.validateConvertUpdateSequence(Column.java:365)
	at org.h2.table.Table.convertInsertRow(Table.java:936)
	at org.h2.command.dml.Insert.insertRows(Insert.java:167)
	at org.h2.command.dml.Insert.update(Insert.java:135)
	at org.h2.command.CommandContainer.executeUpdateWithGeneratedKeys(CommandContainer.java:242)
	at org.h2.command.CommandContainer.update(CommandContainer.java:163)
	at org.h2.command.Command.executeUpdate(Command.java:256)
	at org.h2.jdbc.JdbcPreparedStatement.executeUpdateInternal(JdbcPreparedStatement.java:216)
	at org.h2.jdbc.JdbcPreparedStatement.executeUpdate(JdbcPreparedStatement.java:174)
	at com.zaxxer.hikari.pool.ProxyPreparedStatement.executeUpdate(ProxyPreparedStatement.java:61)
	at com.zaxxer.hikari.pool.HikariProxyPreparedStatement.executeUpdate(HikariProxyPreparedStatement.java)
	at org.hibernate.engine.jdbc.internal.ResultSetReturnImpl.executeUpdate(ResultSetReturnImpl.java:194)
	... 57 more

[INFO] Running com.ingilizce.calismaapp.service.UserServiceTest
[INFO] Tests run: 10, Failures: 0, Errors: 0, Skipped: 0, Time elapsed: 0.450 s -- in com.ingilizce.calismaapp.service.UserServiceTest
[INFO] Running com.ingilizce.calismaapp.service.WordReviewServiceTest
[INFO] Tests run: 7, Failures: 0, Errors: 0, Skipped: 0, Time elapsed: 0.240 s -- in com.ingilizce.calismaapp.service.WordReviewServiceTest
[INFO] 
[INFO] Results:
[INFO] 
[ERROR] Errors: 
[ERROR]   UserIntegrationTest.shouldUpdateLastSeenInDatabase:48 â•— DataIntegrityViolation could not execute statement [NULL not allowed for column "DISPLAY_NAME"; SQL statement:
insert into users (created_at,display_name,email,last_seen_at,password_hash,role,subscription_end_date,user_tag) values (?,?,?,?,?,?,?,?) [23502-224]] [insert into users (created_at,display_name,email,last_seen_at,password_hash,role,subscription_end_date,user_tag) values (?,?,?,?,?,?,?,?)]; SQL [insert into users (created_at,display_name,email,last_seen_at,password_hash,role,subscription_end_date,user_tag) values (?,?,?,?,?,?,?,?)]; constraint [null]
[INFO] 
[ERROR] Tests run: 19, Failures: 0, Errors: 1, Skipped: 0
[INFO] 
[INFO] ------------------------------------------------------------------------
[INFO] BUILD FAILURE
[INFO] ------------------------------------------------------------------------
[INFO] Total time:  16.495 s
[INFO] Finished at: 2026-02-01T00:52:04+03:00
[INFO] ------------------------------------------------------------------------
[ERROR] Failed to execute goal org.apache.maven.plugins:maven-surefire-plugin:3.1.2:test (default-test) on project calismaapp: 
[ERROR] 
[ERROR] Please refer to C:\flutter-project-main\backend\target\surefire-reports for the individual test results.
[ERROR] Please refer to dump files (if any exist) [date].dump, [date]-jvmRun[N].dump and [date].dumpstream.
[ERROR] -> [Help 1]
[ERROR] 
[ERROR] To see the full stack trace of the errors, re-run Maven with the -e switch.
[ERROR] Re-run Maven using the -X switch to enable full debug logging.
[ERROR] 
[ERROR] For more information about the errors and possible solutions, please read the following articles:
[ERROR] [Help 1] http://cwiki.apache.org/confluence/display/MAVEN/MojoFailureException
